2013-04-08 11:57:51,982 [FileSystemWatcher: files=#248 cl=java.net.URLClassLoader@699fc4ac] ERROR StackTrace  - Full Stack Trace:
org.codehaus.groovy.runtime.InvokerInvocationException: java.lang.reflect.InvocationTargetException
	at org.codehaus.groovy.reflection.CachedMethod.invoke(CachedMethod.java:97)
	at groovy.lang.MetaMethod.doMethodInvoke(MetaMethod.java:233)
	at groovy.lang.MetaClassImpl.invokeMethod(MetaClassImpl.java:1071)
	at groovy.lang.ExpandoMetaClass.invokeMethod(ExpandoMetaClass.java:1110)
	at groovy.lang.MetaClassImpl.invokeMethod(MetaClassImpl.java:901)
	at groovy.lang.Closure.call(Closure.java:415)
	at org.codehaus.groovy.grails.plugins.DefaultGrailsPlugin.invokeOnChangeListener(DefaultGrailsPlugin.java:792)
	at org.codehaus.groovy.grails.plugins.DefaultGrailsPlugin.notifyOfEvent(DefaultGrailsPlugin.java:741)
	at org.codehaus.groovy.grails.plugins.DefaultGrailsPluginManager.informObservers(DefaultGrailsPluginManager.java:226)
	at org.codehaus.groovy.grails.plugins.DefaultGrailsPlugin.notifyOfEvent(DefaultGrailsPlugin.java:757)
	at org.codehaus.groovy.grails.plugins.AbstractGrailsPluginManager.informOfClassChange(AbstractGrailsPluginManager.java:394)
	at org.codehaus.groovy.grails.compiler.GrailsProjectWatcher$2.run(GrailsProjectWatcher.java:224)
	at org.codehaus.groovy.grails.compiler.GrailsProjectWatcher.firePendingClassChangeEvents(GrailsProjectWatcher.java:114)
	at org.codehaus.groovy.grails.cli.agent.GrailsPluginManagerReloadPlugin.reloadEvent(GrailsPluginManagerReloadPlugin.java:40)
	at com.springsource.loaded.TypeRegistry.fireReloadEvent(TypeRegistry.java:1581)
	at com.springsource.loaded.ReloadableType.loadNewVersion(ReloadableType.java:384)
	at com.springsource.loaded.TypeRegistry.loadNewVersion(TypeRegistry.java:792)
	at com.springsource.loaded.agent.ReloadableFileChangeListener.fileChanged(ReloadableFileChangeListener.java:38)
	at com.springsource.loaded.agent.Watcher.determineChangesSince(FileSystemWatcher.java:202)
	at com.springsource.loaded.agent.Watcher.run(FileSystemWatcher.java:186)
	at java.lang.Thread.run(Thread.java:722)
Caused by: java.lang.reflect.InvocationTargetException
	at sun.reflect.NativeMethodAccessorImpl.invoke0(Native Method)
	at sun.reflect.NativeMethodAccessorImpl.invoke(NativeMethodAccessorImpl.java:57)
	at sun.reflect.DelegatingMethodAccessorImpl.invoke(DelegatingMethodAccessorImpl.java:43)
	at java.lang.reflect.Method.invoke(Method.java:601)
	at com.springsource.loaded.ri.ReflectiveInterceptor.jlrConstructorNewInstance(ReflectiveInterceptor.java:993)
	at com.springsource.loaded.ri.ReflectiveInterceptor.jlClassNewInstance(ReflectiveInterceptor.java:950)
	at org.springframework.beans.BeanUtils.instantiate(BeanUtils.java:78)
	at org.codehaus.groovy.grails.commons.ClassPropertyFetcher$1.getReferenceInstance(ClassPropertyFetcher.java:76)
	at org.codehaus.groovy.grails.commons.ClassPropertyFetcher.getReference(ClassPropertyFetcher.java:96)
	at org.codehaus.groovy.grails.commons.AbstractGrailsClass.getReferenceInstance(AbstractGrailsClass.java:150)
	at org.codehaus.groovy.grails.commons.AbstractGrailsClass.getGroovyProperty(AbstractGrailsClass.java:263)
	at org.codehaus.groovy.grails.commons.AbstractGrailsClass.getPropertyValue(AbstractGrailsClass.java:248)
	at org.codehaus.groovy.grails.commons.GrailsClass$getPropertyValue$0.call(Unknown Source)
	at org.codehaus.groovy.grails.plugins.scaffolding.ScaffoldingGrailsPlugin.configureScaffoldingController(ScaffoldingGrailsPlugin.groovy:96)
	at org.codehaus.groovy.grails.plugins.scaffolding.ScaffoldingGrailsPlugin$configureScaffoldingController.callStatic(Unknown Source)
	at org.codehaus.groovy.runtime.callsite.CallSiteArray.defaultCallStatic(CallSiteArray.java:50)
	at org.codehaus.groovy.runtime.callsite.AbstractCallSite.callStatic(AbstractCallSite.java:157)
	at org.codehaus.groovy.runtime.callsite.AbstractCallSite.callStatic(AbstractCallSite.java:173)
	at org.codehaus.groovy.grails.plugins.scaffolding.ScaffoldingGrailsPlugin$_closure3.doCall(ScaffoldingGrailsPlugin.groovy:151)
	at sun.reflect.NativeMethodAccessorImpl.invoke0(Native Method)
	at sun.reflect.NativeMethodAccessorImpl.invoke(NativeMethodAccessorImpl.java:57)
	at sun.reflect.DelegatingMethodAccessorImpl.invoke(DelegatingMethodAccessorImpl.java:43)
	at java.lang.reflect.Method.invoke(Method.java:601)
	at com.springsource.loaded.ri.ReflectiveInterceptor.jlrMethodInvoke(ReflectiveInterceptor.java:1237)
	at org.codehaus.groovy.reflection.CachedMethod.invoke(CachedMethod.java:90)
	... 20 more
Caused by: groovy.lang.MissingMethodException: No signature of method: qrups.EnseignantController.propertyMissing() is applicable for argument types: () values: []
Possible solutions: propertyMissing(java.lang.String)
	at sun.reflect.NativeConstructorAccessorImpl.newInstance0(Native Method)
	at sun.reflect.NativeConstructorAccessorImpl.newInstance(NativeConstructorAccessorImpl.java:57)
	at sun.reflect.DelegatingConstructorAccessorImpl.newInstance(DelegatingConstructorAccessorImpl.java:45)
	at java.lang.reflect.Constructor.newInstance(Constructor.java:525)
	at com.springsource.loaded.ri.ReflectiveInterceptor.jlrConstructorNewInstance(ReflectiveInterceptor.java:963)
	at org.codehaus.groovy.reflection.CachedConstructor.invoke(CachedConstructor.java:77)
	at org.codehaus.groovy.reflection.CachedConstructor.doConstructorInvoke(CachedConstructor.java:71)
	at org.codehaus.groovy.runtime.callsite.ConstructorSite.callConstructor(ConstructorSite.java:42)
	at org.codehaus.groovy.runtime.callsite.AbstractCallSite.callConstructor(AbstractCallSite.java:194)
	at qrups.EnseignantController$$EO2PWUBm.propertyMissing(EnseignantController.groovy)
	at sun.reflect.NativeMethodAccessorImpl.invoke0(Native Method)
	at sun.reflect.NativeMethodAccessorImpl.invoke(NativeMethodAccessorImpl.java:57)
	at sun.reflect.DelegatingMethodAccessorImpl.invoke(DelegatingMethodAccessorImpl.java:43)
	at java.lang.reflect.Method.invoke(Method.java:601)
	at com.springsource.loaded.ri.ReloadedTypeInvoker$2.invoke(ReloadedTypeInvoker.java:107)
	at com.springsource.loaded.ri.ReflectiveInterceptor.jlrMethodInvoke(ReflectiveInterceptor.java:1260)
	at org.codehaus.groovy.reflection.CachedMethod.invoke(CachedMethod.java:90)
	at groovy.lang.MetaClassImpl.invokeMissingProperty(MetaClassImpl.java:769)
	at groovy.lang.MetaClassImpl.getProperty(MetaClassImpl.java:1613)
	at groovy.lang.ExpandoMetaClass.getProperty(ExpandoMetaClass.java:1140)
	at groovy.lang.MetaClassImpl.getProperty(MetaClassImpl.java:3332)
	at groovy.lang.ExpandoMetaClass.getProperty(ExpandoMetaClass.java:1152)
	at org.codehaus.groovy.runtime.callsite.PogoMetaClassGetPropertySite.getProperty(PogoMetaClassGetPropertySite.java:48)
	at org.codehaus.groovy.runtime.callsite.AbstractCallSite.callGroovyObjectGetProperty(AbstractCallSite.java:231)
	at qrups.EnseignantController$$EO2PWUBm.___init___(EnseignantController.groovy)
	... 45 more
2013-04-08 11:57:52,054 [FileSystemWatcher: files=#248 cl=java.net.URLClassLoader@699fc4ac] ERROR StackTrace  - Full Stack Trace:
java.lang.reflect.InvocationTargetException
	at sun.reflect.NativeMethodAccessorImpl.invoke0(Native Method)
	at sun.reflect.NativeMethodAccessorImpl.invoke(NativeMethodAccessorImpl.java:57)
	at sun.reflect.DelegatingMethodAccessorImpl.invoke(DelegatingMethodAccessorImpl.java:43)
	at java.lang.reflect.Method.invoke(Method.java:601)
	at com.springsource.loaded.ri.ReflectiveInterceptor.jlrConstructorNewInstance(ReflectiveInterceptor.java:993)
	at com.springsource.loaded.ri.ReflectiveInterceptor.jlClassNewInstance(ReflectiveInterceptor.java:950)
	at org.springframework.beans.BeanUtils.instantiate(BeanUtils.java:78)
	at org.codehaus.groovy.grails.commons.ClassPropertyFetcher$1.getReferenceInstance(ClassPropertyFetcher.java:76)
	at org.codehaus.groovy.grails.commons.ClassPropertyFetcher.getReference(ClassPropertyFetcher.java:96)
	at org.codehaus.groovy.grails.commons.AbstractGrailsClass.getReferenceInstance(AbstractGrailsClass.java:150)
	at org.codehaus.groovy.grails.commons.AbstractGrailsClass.getGroovyProperty(AbstractGrailsClass.java:263)
	at org.codehaus.groovy.grails.commons.AbstractGrailsClass.getPropertyValue(AbstractGrailsClass.java:248)
	at org.codehaus.groovy.grails.commons.GrailsClass$getPropertyValue$0.call(Unknown Source)
	at org.codehaus.groovy.grails.plugins.scaffolding.ScaffoldingGrailsPlugin.configureScaffoldingController(ScaffoldingGrailsPlugin.groovy:96)
	at org.codehaus.groovy.grails.plugins.scaffolding.ScaffoldingGrailsPlugin$configureScaffoldingController.callStatic(Unknown Source)
	at org.codehaus.groovy.runtime.callsite.CallSiteArray.defaultCallStatic(CallSiteArray.java:50)
	at org.codehaus.groovy.runtime.callsite.AbstractCallSite.callStatic(AbstractCallSite.java:157)
	at org.codehaus.groovy.runtime.callsite.AbstractCallSite.callStatic(AbstractCallSite.java:173)
	at org.codehaus.groovy.grails.plugins.scaffolding.ScaffoldingGrailsPlugin$_closure3.doCall(ScaffoldingGrailsPlugin.groovy:151)
	at sun.reflect.NativeMethodAccessorImpl.invoke0(Native Method)
	at sun.reflect.NativeMethodAccessorImpl.invoke(NativeMethodAccessorImpl.java:57)
	at sun.reflect.DelegatingMethodAccessorImpl.invoke(DelegatingMethodAccessorImpl.java:43)
	at java.lang.reflect.Method.invoke(Method.java:601)
	at com.springsource.loaded.ri.ReflectiveInterceptor.jlrMethodInvoke(ReflectiveInterceptor.java:1237)
	at org.codehaus.groovy.reflection.CachedMethod.invoke(CachedMethod.java:90)
	at groovy.lang.MetaMethod.doMethodInvoke(MetaMethod.java:233)
	at groovy.lang.MetaClassImpl.invokeMethod(MetaClassImpl.java:1071)
	at groovy.lang.ExpandoMetaClass.invokeMethod(ExpandoMetaClass.java:1110)
	at groovy.lang.MetaClassImpl.invokeMethod(MetaClassImpl.java:901)
	at groovy.lang.Closure.call(Closure.java:415)
	at org.codehaus.groovy.grails.plugins.DefaultGrailsPlugin.invokeOnChangeListener(DefaultGrailsPlugin.java:792)
	at org.codehaus.groovy.grails.plugins.DefaultGrailsPlugin.notifyOfEvent(DefaultGrailsPlugin.java:741)
	at org.codehaus.groovy.grails.plugins.DefaultGrailsPluginManager.informObservers(DefaultGrailsPluginManager.java:226)
	at org.codehaus.groovy.grails.plugins.DefaultGrailsPlugin.notifyOfEvent(DefaultGrailsPlugin.java:757)
	at org.codehaus.groovy.grails.plugins.AbstractGrailsPluginManager.informOfClassChange(AbstractGrailsPluginManager.java:394)
	at org.codehaus.groovy.grails.compiler.GrailsProjectWatcher$2.run(GrailsProjectWatcher.java:224)
	at org.codehaus.groovy.grails.compiler.GrailsProjectWatcher.firePendingClassChangeEvents(GrailsProjectWatcher.java:114)
	at org.codehaus.groovy.grails.cli.agent.GrailsPluginManagerReloadPlugin.reloadEvent(GrailsPluginManagerReloadPlugin.java:40)
	at com.springsource.loaded.TypeRegistry.fireReloadEvent(TypeRegistry.java:1581)
	at com.springsource.loaded.ReloadableType.loadNewVersion(ReloadableType.java:384)
	at com.springsource.loaded.TypeRegistry.loadNewVersion(TypeRegistry.java:792)
	at com.springsource.loaded.agent.ReloadableFileChangeListener.fileChanged(ReloadableFileChangeListener.java:38)
	at com.springsource.loaded.agent.Watcher.determineChangesSince(FileSystemWatcher.java:202)
	at com.springsource.loaded.agent.Watcher.run(FileSystemWatcher.java:186)
	at java.lang.Thread.run(Thread.java:722)
Caused by: groovy.lang.MissingMethodException: No signature of method: qrups.EnseignantController.propertyMissing() is applicable for argument types: () values: []
Possible solutions: propertyMissing(java.lang.String)
	at sun.reflect.NativeConstructorAccessorImpl.newInstance0(Native Method)
	at sun.reflect.NativeConstructorAccessorImpl.newInstance(NativeConstructorAccessorImpl.java:57)
	at sun.reflect.DelegatingConstructorAccessorImpl.newInstance(DelegatingConstructorAccessorImpl.java:45)
	at java.lang.reflect.Constructor.newInstance(Constructor.java:525)
	at com.springsource.loaded.ri.ReflectiveInterceptor.jlrConstructorNewInstance(ReflectiveInterceptor.java:963)
	at org.codehaus.groovy.reflection.CachedConstructor.invoke(CachedConstructor.java:77)
	at org.codehaus.groovy.reflection.CachedConstructor.doConstructorInvoke(CachedConstructor.java:71)
	at org.codehaus.groovy.runtime.callsite.ConstructorSite.callConstructor(ConstructorSite.java:42)
	at org.codehaus.groovy.runtime.callsite.AbstractCallSite.callConstructor(AbstractCallSite.java:194)
	at qrups.EnseignantController$$EO2PWUBm.propertyMissing(EnseignantController.groovy)
	at sun.reflect.NativeMethodAccessorImpl.invoke0(Native Method)
	at sun.reflect.NativeMethodAccessorImpl.invoke(NativeMethodAccessorImpl.java:57)
	at sun.reflect.DelegatingMethodAccessorImpl.invoke(DelegatingMethodAccessorImpl.java:43)
	at java.lang.reflect.Method.invoke(Method.java:601)
	at com.springsource.loaded.ri.ReloadedTypeInvoker$2.invoke(ReloadedTypeInvoker.java:107)
	at com.springsource.loaded.ri.ReflectiveInterceptor.jlrMethodInvoke(ReflectiveInterceptor.java:1260)
	at org.codehaus.groovy.reflection.CachedMethod.invoke(CachedMethod.java:90)
	at groovy.lang.MetaClassImpl.invokeMissingProperty(MetaClassImpl.java:769)
	at groovy.lang.MetaClassImpl.getProperty(MetaClassImpl.java:1613)
	at groovy.lang.ExpandoMetaClass.getProperty(ExpandoMetaClass.java:1140)
	at groovy.lang.MetaClassImpl.getProperty(MetaClassImpl.java:3332)
	at groovy.lang.ExpandoMetaClass.getProperty(ExpandoMetaClass.java:1152)
	at org.codehaus.groovy.runtime.callsite.PogoMetaClassGetPropertySite.getProperty(PogoMetaClassGetPropertySite.java:48)
	at org.codehaus.groovy.runtime.callsite.AbstractCallSite.callGroovyObjectGetProperty(AbstractCallSite.java:231)
	at qrups.EnseignantController$$EO2PWUBm.___init___(EnseignantController.groovy)
	... 45 more
2013-04-08 11:57:52,086 [FileSystemWatcher: files=#248 cl=java.net.URLClassLoader@699fc4ac] ERROR StackTrace  - Full Stack Trace:
groovy.lang.MissingMethodException: No signature of method: qrups.EnseignantController.propertyMissing() is applicable for argument types: () values: []
Possible solutions: propertyMissing(java.lang.String)
	at sun.reflect.NativeConstructorAccessorImpl.newInstance0(Native Method)
	at sun.reflect.NativeConstructorAccessorImpl.newInstance(NativeConstructorAccessorImpl.java:57)
	at sun.reflect.DelegatingConstructorAccessorImpl.newInstance(DelegatingConstructorAccessorImpl.java:45)
	at java.lang.reflect.Constructor.newInstance(Constructor.java:525)
	at com.springsource.loaded.ri.ReflectiveInterceptor.jlrConstructorNewInstance(ReflectiveInterceptor.java:963)
	at org.codehaus.groovy.reflection.CachedConstructor.invoke(CachedConstructor.java:77)
	at org.codehaus.groovy.reflection.CachedConstructor.doConstructorInvoke(CachedConstructor.java:71)
	at org.codehaus.groovy.runtime.callsite.ConstructorSite.callConstructor(ConstructorSite.java:42)
	at org.codehaus.groovy.runtime.callsite.AbstractCallSite.callConstructor(AbstractCallSite.java:194)
	at qrups.EnseignantController$$EO2PWUBm.propertyMissing(EnseignantController.groovy)
	at sun.reflect.NativeMethodAccessorImpl.invoke0(Native Method)
	at sun.reflect.NativeMethodAccessorImpl.invoke(NativeMethodAccessorImpl.java:57)
	at sun.reflect.DelegatingMethodAccessorImpl.invoke(DelegatingMethodAccessorImpl.java:43)
	at java.lang.reflect.Method.invoke(Method.java:601)
	at com.springsource.loaded.ri.ReloadedTypeInvoker$2.invoke(ReloadedTypeInvoker.java:107)
	at com.springsource.loaded.ri.ReflectiveInterceptor.jlrMethodInvoke(ReflectiveInterceptor.java:1260)
	at org.codehaus.groovy.reflection.CachedMethod.invoke(CachedMethod.java:90)
	at groovy.lang.MetaClassImpl.invokeMissingProperty(MetaClassImpl.java:769)
	at groovy.lang.MetaClassImpl.getProperty(MetaClassImpl.java:1613)
	at groovy.lang.ExpandoMetaClass.getProperty(ExpandoMetaClass.java:1140)
	at groovy.lang.MetaClassImpl.getProperty(MetaClassImpl.java:3332)
	at groovy.lang.ExpandoMetaClass.getProperty(ExpandoMetaClass.java:1152)
	at org.codehaus.groovy.runtime.callsite.PogoMetaClassGetPropertySite.getProperty(PogoMetaClassGetPropertySite.java:48)
	at org.codehaus.groovy.runtime.callsite.AbstractCallSite.callGroovyObjectGetProperty(AbstractCallSite.java:231)
	at qrups.EnseignantController$$EO2PWUBm.___init___(EnseignantController.groovy)
	at sun.reflect.NativeMethodAccessorImpl.invoke0(Native Method)
	at sun.reflect.NativeMethodAccessorImpl.invoke(NativeMethodAccessorImpl.java:57)
	at sun.reflect.DelegatingMethodAccessorImpl.invoke(DelegatingMethodAccessorImpl.java:43)
	at java.lang.reflect.Method.invoke(Method.java:601)
	at com.springsource.loaded.ri.ReflectiveInterceptor.jlrConstructorNewInstance(ReflectiveInterceptor.java:993)
	at com.springsource.loaded.ri.ReflectiveInterceptor.jlClassNewInstance(ReflectiveInterceptor.java:950)
	at org.springframework.beans.BeanUtils.instantiate(BeanUtils.java:78)
	at org.codehaus.groovy.grails.commons.ClassPropertyFetcher$1.getReferenceInstance(ClassPropertyFetcher.java:76)
	at org.codehaus.groovy.grails.commons.ClassPropertyFetcher.getReference(ClassPropertyFetcher.java:96)
	at org.codehaus.groovy.grails.commons.AbstractGrailsClass.getReferenceInstance(AbstractGrailsClass.java:150)
	at org.codehaus.groovy.grails.commons.AbstractGrailsClass.getGroovyProperty(AbstractGrailsClass.java:263)
	at org.codehaus.groovy.grails.commons.AbstractGrailsClass.getPropertyValue(AbstractGrailsClass.java:248)
	at org.codehaus.groovy.grails.commons.GrailsClass$getPropertyValue$0.call(Unknown Source)
	at org.codehaus.groovy.grails.plugins.scaffolding.ScaffoldingGrailsPlugin.configureScaffoldingController(ScaffoldingGrailsPlugin.groovy:96)
	at org.codehaus.groovy.grails.plugins.scaffolding.ScaffoldingGrailsPlugin$configureScaffoldingController.callStatic(Unknown Source)
	at org.codehaus.groovy.runtime.callsite.CallSiteArray.defaultCallStatic(CallSiteArray.java:50)
	at org.codehaus.groovy.runtime.callsite.AbstractCallSite.callStatic(AbstractCallSite.java:157)
	at org.codehaus.groovy.runtime.callsite.AbstractCallSite.callStatic(AbstractCallSite.java:173)
	at org.codehaus.groovy.grails.plugins.scaffolding.ScaffoldingGrailsPlugin$_closure3.doCall(ScaffoldingGrailsPlugin.groovy:151)
	at sun.reflect.NativeMethodAccessorImpl.invoke0(Native Method)
	at sun.reflect.NativeMethodAccessorImpl.invoke(NativeMethodAccessorImpl.java:57)
	at sun.reflect.DelegatingMethodAccessorImpl.invoke(DelegatingMethodAccessorImpl.java:43)
	at java.lang.reflect.Method.invoke(Method.java:601)
	at com.springsource.loaded.ri.ReflectiveInterceptor.jlrMethodInvoke(ReflectiveInterceptor.java:1237)
	at org.codehaus.groovy.reflection.CachedMethod.invoke(CachedMethod.java:90)
	at groovy.lang.MetaMethod.doMethodInvoke(MetaMethod.java:233)
	at groovy.lang.MetaClassImpl.invokeMethod(MetaClassImpl.java:1071)
	at groovy.lang.ExpandoMetaClass.invokeMethod(ExpandoMetaClass.java:1110)
	at groovy.lang.MetaClassImpl.invokeMethod(MetaClassImpl.java:901)
	at groovy.lang.Closure.call(Closure.java:415)
	at org.codehaus.groovy.grails.plugins.DefaultGrailsPlugin.invokeOnChangeListener(DefaultGrailsPlugin.java:792)
	at org.codehaus.groovy.grails.plugins.DefaultGrailsPlugin.notifyOfEvent(DefaultGrailsPlugin.java:741)
	at org.codehaus.groovy.grails.plugins.DefaultGrailsPluginManager.informObservers(DefaultGrailsPluginManager.java:226)
	at org.codehaus.groovy.grails.plugins.DefaultGrailsPlugin.notifyOfEvent(DefaultGrailsPlugin.java:757)
	at org.codehaus.groovy.grails.plugins.AbstractGrailsPluginManager.informOfClassChange(AbstractGrailsPluginManager.java:394)
	at org.codehaus.groovy.grails.compiler.GrailsProjectWatcher$2.run(GrailsProjectWatcher.java:224)
	at org.codehaus.groovy.grails.compiler.GrailsProjectWatcher.firePendingClassChangeEvents(GrailsProjectWatcher.java:114)
	at org.codehaus.groovy.grails.cli.agent.GrailsPluginManagerReloadPlugin.reloadEvent(GrailsPluginManagerReloadPlugin.java:40)
	at com.springsource.loaded.TypeRegistry.fireReloadEvent(TypeRegistry.java:1581)
	at com.springsource.loaded.ReloadableType.loadNewVersion(ReloadableType.java:384)
	at com.springsource.loaded.TypeRegistry.loadNewVersion(TypeRegistry.java:792)
	at com.springsource.loaded.agent.ReloadableFileChangeListener.fileChanged(ReloadableFileChangeListener.java:38)
	at com.springsource.loaded.agent.Watcher.determineChangesSince(FileSystemWatcher.java:202)
	at com.springsource.loaded.agent.Watcher.run(FileSystemWatcher.java:186)
	at java.lang.Thread.run(Thread.java:722)
2013-04-08 11:57:52,110 [FileSystemWatcher: files=#248 cl=java.net.URLClassLoader@699fc4ac] ERROR StackTrace  - Full Stack Trace:
org.codehaus.groovy.runtime.InvokerInvocationException: java.lang.reflect.InvocationTargetException
	at java.lang.Thread.run(Thread.java:722)
Caused by: java.lang.reflect.InvocationTargetException
	... 1 more
Caused by: groovy.lang.MissingMethodException: No signature of method: qrups.EnseignantController.propertyMissing() is applicable for argument types: () values: []
Possible solutions: propertyMissing(java.lang.String)
	... 1 more
2013-04-08 11:57:52,112 [FileSystemWatcher: files=#248 cl=java.net.URLClassLoader@699fc4ac] ERROR StackTrace  - Full Stack Trace:
org.codehaus.groovy.runtime.InvokerInvocationException: java.lang.reflect.InvocationTargetException
	at java.lang.Thread.run(Thread.java:722)
Caused by: java.lang.reflect.InvocationTargetException
	... 1 more
Caused by: groovy.lang.MissingMethodException: No signature of method: qrups.EnseignantController.propertyMissing() is applicable for argument types: () values: []
Possible solutions: propertyMissing(java.lang.String)
	... 1 more
2013-04-08 11:57:52,113 [FileSystemWatcher: files=#248 cl=java.net.URLClassLoader@699fc4ac] ERROR StackTrace  - Full Stack Trace:
java.lang.reflect.InvocationTargetException
	at java.lang.Thread.run(Thread.java:722)
Caused by: groovy.lang.MissingMethodException: No signature of method: qrups.EnseignantController.propertyMissing() is applicable for argument types: () values: []
Possible solutions: propertyMissing(java.lang.String)
	... 1 more
2013-04-08 11:57:52,115 [FileSystemWatcher: files=#248 cl=java.net.URLClassLoader@699fc4ac] ERROR StackTrace  - Full Stack Trace:
groovy.lang.MissingMethodException: No signature of method: qrups.EnseignantController.propertyMissing() is applicable for argument types: () values: []
Possible solutions: propertyMissing(java.lang.String)
	at java.lang.Thread.run(Thread.java:722)
2013-04-08 11:57:52,117 [FileSystemWatcher: files=#248 cl=java.net.URLClassLoader@699fc4ac] ERROR StackTrace  - Full Stack Trace:
org.codehaus.groovy.runtime.InvokerInvocationException: java.lang.reflect.InvocationTargetException
	at java.lang.Thread.run(Thread.java:722)
Caused by: java.lang.reflect.InvocationTargetException
	... 1 more
Caused by: groovy.lang.MissingMethodException: No signature of method: qrups.EnseignantController.propertyMissing() is applicable for argument types: () values: []
Possible solutions: propertyMissing(java.lang.String)
	... 1 more
